<?xml version="1.0" encoding="UTF-8"?>
<testsuite name="au.org.ala.hub.SecureSandboxInterceptorSpec" tests="2" skipped="0" failures="0" errors="0" timestamp="2019-11-07T00:57:09" hostname="bouhoub.local" time="3.651">
  <properties/>
  <testcase name="Test secureSandbox interceptor matching proxy" classname="au.org.ala.hub.SecureSandboxInterceptorSpec" time="3.645"/>
  <testcase name="Test secureSandbox interceptor matching occurrence" classname="au.org.ala.hub.SecureSandboxInterceptorSpec" time="0.006"/>
  <system-out><![CDATA[[gbiffrance-hub] Including default configuration file: /data/gbiffrance-hub/config/gbiffrance-hub-config.properties
[gbiffrance-hub] (*) grails.config.locations = [file:/data/gbiffrance-hub/config/gbiffrance-hub-config.properties]
]]></system-out>
  <system-err><![CDATA[]]></system-err>
</testsuite>
